{"/home/oberghea/Projects/angular-formly/app/index.js":{"path":"/home/oberghea/Projects/angular-formly/app/index.js","s":{"1":1,"2":0,"3":0,"4":0,"5":0,"6":0,"7":0,"8":0,"9":1,"10":0,"11":0,"12":0,"13":0,"14":0,"15":0,"16":0,"17":1,"18":0},"b":{"1":[0,0],"2":[0,0]},"f":{"1":0,"2":0,"3":0,"4":0,"5":0},"fnMap":{"1":{"name":"(anonymous_1)","line":8,"loc":{"start":{"line":8,"column":10},"end":{"line":8,"column":32}}},"2":{"name":"(anonymous_2)","line":17,"loc":{"start":{"line":17,"column":21},"end":{"line":17,"column":55}}},"3":{"name":"vlaidateIpAddress","line":25,"loc":{"start":{"line":25,"column":4},"end":{"line":25,"column":38}}},"4":{"name":"MyFormCtrl","line":30,"loc":{"start":{"line":30,"column":31},"end":{"line":30,"column":61}}},"5":{"name":"onSubmit","line":96,"loc":{"start":{"line":96,"column":4},"end":{"line":96,"column":24}}}},"statementMap":{"1":{"start":{"line":2,"column":2},"end":{"line":2,"column":21}},"2":{"start":{"line":3,"column":2},"end":{"line":3,"column":28}},"3":{"start":{"line":4,"column":2},"end":{"line":4,"column":70}},"4":{"start":{"line":6,"column":2},"end":{"line":6,"column":63}},"5":{"start":{"line":8,"column":2},"end":{"line":28,"column":5}},"6":{"start":{"line":9,"column":4},"end":{"line":23,"column":7}},"7":{"start":{"line":18,"column":12},"end":{"line":18,"column":50}},"8":{"start":{"line":19,"column":12},"end":{"line":19,"column":54}},"9":{"start":{"line":25,"column":4},"end":{"line":27,"column":5}},"10":{"start":{"line":26,"column":6},"end":{"line":26,"column":49}},"11":{"start":{"line":30,"column":2},"end":{"line":99,"column":5}},"12":{"start":{"line":31,"column":4},"end":{"line":31,"column":18}},"13":{"start":{"line":32,"column":4},"end":{"line":32,"column":27}},"14":{"start":{"line":35,"column":4},"end":{"line":35,"column":18}},"15":{"start":{"line":36,"column":4},"end":{"line":88,"column":6}},"16":{"start":{"line":93,"column":4},"end":{"line":93,"column":48}},"17":{"start":{"line":96,"column":4},"end":{"line":98,"column":5}},"18":{"start":{"line":97,"column":6},"end":{"line":97,"column":47}}},"branchMap":{"1":{"line":18,"type":"binary-expr","locations":[{"start":{"line":18,"column":24},"end":{"line":18,"column":34}},{"start":{"line":18,"column":38},"end":{"line":18,"column":49}}]},"2":{"line":19,"type":"binary-expr","locations":[{"start":{"line":19,"column":19},"end":{"line":19,"column":25}},{"start":{"line":19,"column":29},"end":{"line":19,"column":53}}]}}}}